<?xml version="1.0" encoding="UTF-8"?>
<!-- Generated by org.testng.reporters.JUnitReportReporter -->
<testsuite hostname="DESKTOP-LTGCC8N" failures="0" tests="1" name="com.saucedemo.test.AddToCartTest" time="12.683" errors="0" timestamp="2022-06-16T07:11:43 WAT" skipped="0">
  <testcase classname="com.saucedemo.test.AddToCartTest" name="addToCartTest" time="12.683"/>
  <system-out/>
</testsuite> <!-- com.saucedemo.test.AddToCartTest -->
