<?xml version="1.0" encoding="UTF-8"?>
<!-- Generated by org.testng.reporters.JUnitReportReporter -->
<testsuite hostname="DESKTOP-LTGCC8N" failures="0" tests="1" name="com.saucedemo.test.EndToEndTest" time="18.582" errors="0" timestamp="2022-06-16T07:11:43 WAT" skipped="0">
  <testcase classname="com.saucedemo.test.EndToEndTest" name="endToEndTest" time="18.582"/>
  <system-out/>
</testsuite> <!-- com.saucedemo.test.EndToEndTest -->
