<?xml version="1.0" encoding="UTF-8"?>
<!-- Generated by org.testng.reporters.JUnitReportReporter -->
<testsuite hostname="DESKTOP-LTGCC8N" failures="0" tests="1" name="com.saucedemo.test.LoginTest" time="20.654" errors="0" timestamp="2022-06-16T07:11:43 WAT" skipped="0">
  <testcase classname="com.saucedemo.test.LoginTest" name="loginTest" time="20.654"/>
  <system-out/>
</testsuite> <!-- com.saucedemo.test.LoginTest -->
